Running: fuse.exe -relaunch -intstyle "ise" -incremental -lib "secureip" -o "C:/Users/mariam/Documents/AlaaEldinTamer_MIPS/test_mips_isim_beh.exe" -prj "C:/Users/mariam/Documents/AlaaEldinTamer_MIPS/test_mips_beh.prj" "work.test_mips" 
ISim P.20131013 (signature 0x7708f090)
Number of CPUs detected in this system: 12
Turning on mult-threading, number of parallel sub-compilation jobs: 24 
Determining compilation order of HDL files
Parsing VHDL file "C:/Users/mariam/Documents/AlaaEldinTamer_MIPS/Sign_Extend.vhd" into library work
Parsing VHDL file "C:/Users/mariam/Documents/AlaaEldinTamer_MIPS/Shift_Left.vhd" into library work
Parsing VHDL file "C:/Users/mariam/Documents/AlaaEldinTamer_MIPS/RegisterFile.vhd" into library work
Parsing VHDL file "C:/Users/mariam/Documents/AlaaEldinTamer_MIPS/PC.vhd" into library work
Parsing VHDL file "C:/Users/mariam/Documents/AlaaEldinTamer_MIPS/Mux_2_1_4.vhd" into library work
Parsing VHDL file "C:/Users/mariam/Documents/AlaaEldinTamer_MIPS/Mux_2_1_3.vhd" into library work
Parsing VHDL file "C:/Users/mariam/Documents/AlaaEldinTamer_MIPS/Mux_2_1_2.vhd" into library work
Parsing VHDL file "C:/Users/mariam/Documents/AlaaEldinTamer_MIPS/Mux_2_1.vhd" into library work
Parsing VHDL file "C:/Users/mariam/Documents/AlaaEldinTamer_MIPS/Instruction_Memory.vhd" into library work
Parsing VHDL file "C:/Users/mariam/Documents/AlaaEldinTamer_MIPS/DataMemoryUnit.vhd" into library work
Parsing VHDL file "C:/Users/mariam/Documents/AlaaEldinTamer_MIPS/Control_Unit.vhd" into library work
Parsing VHDL file "C:/Users/mariam/Documents/AlaaEldinTamer_MIPS/ALU_OP.vhd" into library work
Parsing VHDL file "C:/Users/mariam/Documents/AlaaEldinTamer_MIPS/ALU.vhd" into library work
Parsing VHDL file "C:/Users/mariam/Documents/AlaaEldinTamer_MIPS/Adder2.vhd" into library work
Parsing VHDL file "C:/Users/mariam/Documents/AlaaEldinTamer_MIPS/Adder.vhd" into library work
Parsing VHDL file "C:/Users/mariam/Documents/AlaaEldinTamer_MIPS/MIPS.vhd" into library work
WARNING:HDLCompiler:946 - "C:/Users/mariam/Documents/AlaaEldinTamer_MIPS/MIPS.vhd" Line 346: Actual for formal port s is neither a static name nor a globally static expression
Parsing VHDL file "C:/Users/mariam/Documents/AlaaEldinTamer_MIPS/test_mips.vhd" into library work
Starting static elaboration
Completed static elaboration
Compiling package standard
Compiling package std_logic_1164
Compiling package numeric_std
Compiling package std_logic_arith
Compiling package std_logic_unsigned
Compiling architecture behavioral of entity PC [pc_default]
Compiling architecture behavioral of entity Instruction_Memory [instruction_memory_default]
Compiling architecture behavioral of entity Control_Unit [control_unit_default]
Compiling architecture behavioral of entity Mux_2_1_1 [mux_2_1_1_default]
Compiling architecture behavioral of entity Mux_2_1_3 [mux_2_1_3_default]
Compiling architecture behavioral of entity RegisterFile [registerfile_default]
Compiling architecture behavioral of entity Mux_2_1_2 [mux_2_1_2_default]
Compiling architecture behavioral of entity ALU [alu_default]
Compiling architecture behavioral of entity ALU_Control [alu_control_default]
Compiling architecture behavioral of entity DataMemoryUnit [datamemoryunit_default]
Compiling architecture behavioral of entity Sign_Extend [sign_extend_default]
Compiling architecture behavioral of entity ShiftLeft [shiftleft_default]
Compiling architecture behavioral of entity Adder [adder_default]
Compiling architecture behavioral of entity Adder2 [adder2_default]
Compiling architecture behavioral of entity Mux_2_1_4 [mux_2_1_4_default]
Compiling architecture behavioral of entity MIPS [mips_default]
Compiling architecture behavior of entity test_mips
Time Resolution for simulation is 1ps.
Waiting for 1 sub-compilation(s) to finish...
Compiled 38 VHDL Units
Built simulation executable C:/Users/mariam/Documents/AlaaEldinTamer_MIPS/test_mips_isim_beh.exe
Fuse Memory Usage: 38140 KB
Fuse CPU Usage: 1281 ms
